<?xml version="1.0" encoding="UTF-8"?>
<!-- Generated by org.testng.reporters.JUnitReportReporter -->
<testsuite skipped="0" hostname="DESKTOP-KFO17RS" name="com.ip.lambdaexpression.MainPredicateTest" tests="1" failures="0" timestamp="2020-04-21T06:09:01 PDT" time="0.014" errors="0">
  <testcase name="checkStringLength" time="0.014" classname="com.ip.lambdaexpression.MainPredicateTest"/>
  <system-out/>
</testsuite> <!-- com.ip.lambdaexpression.MainPredicateTest -->
