<?xml version="1.0" encoding="UTF-8"?>
<!-- Generated by org.testng.reporters.JUnitReportReporter -->
<testsuite skipped="0" hostname="DESKTOP-KFO17RS" name="com.ip.lambdaexpression.BinaryOperatorTest" tests="3" failures="0" timestamp="2020-04-21T05:49:09 PDT" time="0.022" errors="0">
  <testcase name="testTwoNum" time="0.002" classname="com.ip.lambdaexpression.BinaryOperatorTest"/>
  <system-out/>
  <testcase name="testOneNegNum" time="0.014" classname="com.ip.lambdaexpression.BinaryOperatorTest"/>
  <system-out/>
  <testcase name="testTwoNegNum" time="0.006" classname="com.ip.lambdaexpression.BinaryOperatorTest"/>
  <system-out/>
</testsuite> <!-- com.ip.lambdaexpression.BinaryOperatorTest -->
